<?xml version="1.0" encoding="UTF-8"?>
<testng-results ignored="18" total="28" passed="8" failed="2" skipped="0">
  <reporter-output>
  </reporter-output>
  <suite started-at="2023-07-26T05:52:29Z" name="Suite" finished-at="2023-07-26T05:55:02Z" duration-ms="152818">
    <groups>
      <group name="invalid">
        <method signature="Beans.Beans()[pri:4, instance:MyTestCases.Beans@3e587920]" name="Beans" class="MyTestCases.Beans"/>
        <method signature="Bookflight.Bookflight()[pri:9, instance:MyTestCases.Bookflight@7544a1e4]" name="Bookflight" class="MyTestCases.Bookflight"/>
        <method signature="Brinjal.Brinjal()[pri:2, instance:MyTestCases.Brinjal@750fe12e]" name="Brinjal" class="MyTestCases.Brinjal"/>
        <method signature="Carrot.Carrot()[pri:10, instance:MyTestCases.Carrot@f8908f6]" name="Carrot" class="MyTestCases.Carrot"/>
        <method signature="Cashewsdryfruit.Cashewsdryfruit()[pri:7, instance:MyTestCases.Cashewsdryfruit@63fd4873]" name="Cashewsdryfruit" class="MyTestCases.Cashewsdryfruit"/>
        <method signature="Corn.Corn()[pri:5, instance:MyTestCases.Corn@2ef8a8c3]" name="Corn" class="MyTestCases.Corn"/>
        <method signature="Mango.Mango()[pri:6, instance:MyTestCases.Mango@24f43aa3]" name="Mango" class="MyTestCases.Mango"/>
        <method signature="Nutsmixture.Nutsmixture()[pri:8, instance:MyTestCases.Nutsmixture@1e11bc55]" name="Nutsmixture" class="MyTestCases.Nutsmixture"/>
        <method signature="Potato.Potato()[pri:1, instance:MyTestCases.Potato@200606de]" name="Potato" class="MyTestCases.Potato"/>
        <method signature="Topdeals.Topdeals()[pri:3, instance:MyTestCases.Topdeals@70e0accd]" name="Topdeals" class="MyTestCases.Topdeals"/>
      </group> <!-- invalid -->
      <group name="sanity">
        <method signature="Beans.Beans()[pri:4, instance:MyTestCases.Beans@3e587920]" name="Beans" class="MyTestCases.Beans"/>
        <method signature="Bookflight.Bookflight()[pri:9, instance:MyTestCases.Bookflight@7544a1e4]" name="Bookflight" class="MyTestCases.Bookflight"/>
        <method signature="Brinjal.Brinjal()[pri:2, instance:MyTestCases.Brinjal@750fe12e]" name="Brinjal" class="MyTestCases.Brinjal"/>
        <method signature="Carrot.Carrot()[pri:10, instance:MyTestCases.Carrot@f8908f6]" name="Carrot" class="MyTestCases.Carrot"/>
        <method signature="Cashewsdryfruit.Cashewsdryfruit()[pri:7, instance:MyTestCases.Cashewsdryfruit@63fd4873]" name="Cashewsdryfruit" class="MyTestCases.Cashewsdryfruit"/>
        <method signature="Corn.Corn()[pri:5, instance:MyTestCases.Corn@2ef8a8c3]" name="Corn" class="MyTestCases.Corn"/>
        <method signature="Mango.Mango()[pri:6, instance:MyTestCases.Mango@24f43aa3]" name="Mango" class="MyTestCases.Mango"/>
        <method signature="Nutsmixture.Nutsmixture()[pri:8, instance:MyTestCases.Nutsmixture@1e11bc55]" name="Nutsmixture" class="MyTestCases.Nutsmixture"/>
        <method signature="Potato.Potato()[pri:1, instance:MyTestCases.Potato@200606de]" name="Potato" class="MyTestCases.Potato"/>
        <method signature="Topdeals.Topdeals()[pri:3, instance:MyTestCases.Topdeals@70e0accd]" name="Topdeals" class="MyTestCases.Topdeals"/>
      </group> <!-- sanity -->
    </groups>
    <test started-at="2023-07-26T05:52:29Z" name="Test" finished-at="2023-07-26T05:55:02Z" duration-ms="152818">
      <class name="MyTestCases.Nutsmixture">
        <test-method is-config="true" signature="initializeWebDriver()[pri:0, instance:MyTestCases.Nutsmixture@1e11bc55]" started-at="2023-07-26T11:24:11Z" name="initializeWebDriver" finished-at="2023-07-26T11:24:13Z" duration-ms="1581" status="PASS">
          <reporter-output>
          </reporter-output>
        </test-method> <!-- initializeWebDriver -->
        <test-method is-config="true" signature="navigateSite()[pri:0, instance:MyTestCases.Nutsmixture@1e11bc55]" started-at="2023-07-26T11:24:13Z" name="navigateSite" finished-at="2023-07-26T11:24:16Z" duration-ms="3307" status="PASS">
          <reporter-output>
          </reporter-output>
        </test-method> <!-- navigateSite -->
        <test-method signature="Nutsmixture()[pri:8, instance:MyTestCases.Nutsmixture@1e11bc55]" started-at="2023-07-26T11:24:16Z" name="Nutsmixture" finished-at="2023-07-26T11:24:21Z" duration-ms="5379" status="PASS">
          <reporter-output>
          </reporter-output>
        </test-method> <!-- Nutsmixture -->
        <test-method is-config="true" signature="startTest(java.lang.reflect.Method)[pri:0, instance:MyTestCases.Nutsmixture@1e11bc55]" started-at="2023-07-26T11:24:16Z" name="startTest" finished-at="2023-07-26T11:24:16Z" duration-ms="0" status="PASS">
          <params>
            <param index="0">
              <value>
                <![CDATA[public void MyTestCases.Nutsmixture.Nutsmixture() throws java.lang.InterruptedException]]>
              </value>
            </param>
          </params>
          <reporter-output>
          </reporter-output>
        </test-method> <!-- startTest -->
        <test-method is-config="true" signature="resultTest(org.testng.ITestResult)[pri:0, instance:MyTestCases.Nutsmixture@1e11bc55]" started-at="2023-07-26T11:24:21Z" name="resultTest" finished-at="2023-07-26T11:24:23Z" duration-ms="1533" status="PASS">
          <params>
            <param index="0">
              <value>
                <![CDATA[[TestResult name=Nutsmixture status=SUCCESS method=Nutsmixture.Nutsmixture()[pri:8, instance:MyTestCases.Nutsmixture@1e11bc55] output={null}]]]>
              </value>
            </param>
          </params>
          <reporter-output>
          </reporter-output>
        </test-method> <!-- resultTest -->
      </class> <!-- MyTestCases.Nutsmixture -->
      <class name="MyTestCases.Corn">
        <test-method is-config="true" signature="initializeWebDriver()[pri:0, instance:MyTestCases.Corn@2ef8a8c3]" started-at="2023-07-26T11:23:40Z" name="initializeWebDriver" finished-at="2023-07-26T11:23:42Z" duration-ms="1487" status="PASS">
          <reporter-output>
          </reporter-output>
        </test-method> <!-- initializeWebDriver -->
        <test-method is-config="true" signature="navigateSite()[pri:0, instance:MyTestCases.Corn@2ef8a8c3]" started-at="2023-07-26T11:23:42Z" name="navigateSite" finished-at="2023-07-26T11:23:43Z" duration-ms="1509" status="PASS">
          <reporter-output>
          </reporter-output>
        </test-method> <!-- navigateSite -->
        <test-method is-config="true" signature="startTest(java.lang.reflect.Method)[pri:0, instance:MyTestCases.Corn@2ef8a8c3]" started-at="2023-07-26T11:23:43Z" name="startTest" finished-at="2023-07-26T11:23:43Z" duration-ms="1" status="PASS">
          <params>
            <param index="0">
              <value>
                <![CDATA[public void MyTestCases.Corn.Corn() throws java.lang.InterruptedException]]>
              </value>
            </param>
          </params>
          <reporter-output>
          </reporter-output>
        </test-method> <!-- startTest -->
        <test-method signature="Corn()[pri:5, instance:MyTestCases.Corn@2ef8a8c3]" started-at="2023-07-26T11:23:43Z" name="Corn" finished-at="2023-07-26T11:23:50Z" duration-ms="6448" status="PASS">
          <reporter-output>
          </reporter-output>
        </test-method> <!-- Corn -->
        <test-method is-config="true" signature="resultTest(org.testng.ITestResult)[pri:0, instance:MyTestCases.Corn@2ef8a8c3]" started-at="2023-07-26T11:23:50Z" name="resultTest" finished-at="2023-07-26T11:23:51Z" duration-ms="1515" status="PASS">
          <params>
            <param index="0">
              <value>
                <![CDATA[[TestResult name=Corn status=SUCCESS method=Corn.Corn()[pri:5, instance:MyTestCases.Corn@2ef8a8c3] output={null}]]]>
              </value>
            </param>
          </params>
          <reporter-output>
          </reporter-output>
        </test-method> <!-- resultTest -->
      </class> <!-- MyTestCases.Corn -->
      <class name="MyTestCases.Mango">
        <test-method is-config="true" signature="initializeWebDriver()[pri:0, instance:MyTestCases.Mango@24f43aa3]" started-at="2023-07-26T11:23:51Z" name="initializeWebDriver" finished-at="2023-07-26T11:23:53Z" duration-ms="1473" status="PASS">
          <reporter-output>
          </reporter-output>
        </test-method> <!-- initializeWebDriver -->
        <test-method is-config="true" signature="navigateSite()[pri:0, instance:MyTestCases.Mango@24f43aa3]" started-at="2023-07-26T11:23:53Z" name="navigateSite" finished-at="2023-07-26T11:23:55Z" duration-ms="2199" status="PASS">
          <reporter-output>
          </reporter-output>
        </test-method> <!-- navigateSite -->
        <test-method signature="Mango()[pri:6, instance:MyTestCases.Mango@24f43aa3]" started-at="2023-07-26T11:23:55Z" name="Mango" finished-at="2023-07-26T11:24:01Z" duration-ms="6318" status="PASS">
          <reporter-output>
          </reporter-output>
        </test-method> <!-- Mango -->
        <test-method is-config="true" signature="startTest(java.lang.reflect.Method)[pri:0, instance:MyTestCases.Mango@24f43aa3]" started-at="2023-07-26T11:23:55Z" name="startTest" finished-at="2023-07-26T11:23:55Z" duration-ms="0" status="PASS">
          <params>
            <param index="0">
              <value>
                <![CDATA[public void MyTestCases.Mango.Mango() throws java.lang.InterruptedException]]>
              </value>
            </param>
          </params>
          <reporter-output>
          </reporter-output>
        </test-method> <!-- startTest -->
        <test-method is-config="true" signature="resultTest(org.testng.ITestResult)[pri:0, instance:MyTestCases.Mango@24f43aa3]" started-at="2023-07-26T11:24:01Z" name="resultTest" finished-at="2023-07-26T11:24:03Z" duration-ms="1314" status="PASS">
          <params>
            <param index="0">
              <value>
                <![CDATA[[TestResult name=Mango status=SUCCESS method=Mango.Mango()[pri:6, instance:MyTestCases.Mango@24f43aa3] output={null}]]]>
              </value>
            </param>
          </params>
          <reporter-output>
          </reporter-output>
        </test-method> <!-- resultTest -->
      </class> <!-- MyTestCases.Mango -->
      <class name="MyTestCases.Cashewsdryfruit">
        <test-method is-config="true" signature="initializeWebDriver()[pri:0, instance:MyTestCases.Cashewsdryfruit@63fd4873]" started-at="2023-07-26T11:24:03Z" name="initializeWebDriver" finished-at="2023-07-26T11:24:04Z" duration-ms="1665" status="PASS">
          <reporter-output>
          </reporter-output>
        </test-method> <!-- initializeWebDriver -->
        <test-method is-config="true" signature="navigateSite()[pri:0, instance:MyTestCases.Cashewsdryfruit@63fd4873]" started-at="2023-07-26T11:24:04Z" name="navigateSite" finished-at="2023-07-26T11:24:06Z" duration-ms="1253" status="PASS">
          <reporter-output>
          </reporter-output>
        </test-method> <!-- navigateSite -->
        <test-method signature="Cashewsdryfruit()[pri:7, instance:MyTestCases.Cashewsdryfruit@63fd4873]" started-at="2023-07-26T11:24:06Z" name="Cashewsdryfruit" finished-at="2023-07-26T11:24:10Z" duration-ms="4284" status="PASS">
          <reporter-output>
          </reporter-output>
        </test-method> <!-- Cashewsdryfruit -->
        <test-method is-config="true" signature="startTest(java.lang.reflect.Method)[pri:0, instance:MyTestCases.Cashewsdryfruit@63fd4873]" started-at="2023-07-26T11:24:06Z" name="startTest" finished-at="2023-07-26T11:24:06Z" duration-ms="0" status="PASS">
          <params>
            <param index="0">
              <value>
                <![CDATA[public void MyTestCases.Cashewsdryfruit.Cashewsdryfruit() throws java.lang.InterruptedException]]>
              </value>
            </param>
          </params>
          <reporter-output>
          </reporter-output>
        </test-method> <!-- startTest -->
        <test-method is-config="true" signature="resultTest(org.testng.ITestResult)[pri:0, instance:MyTestCases.Cashewsdryfruit@63fd4873]" started-at="2023-07-26T11:24:10Z" name="resultTest" finished-at="2023-07-26T11:24:11Z" duration-ms="1288" status="PASS">
          <params>
            <param index="0">
              <value>
                <![CDATA[[TestResult name=Cashewsdryfruit status=SUCCESS method=Cashewsdryfruit.Cashewsdryfruit()[pri:7, instance:MyTestCases.Cashewsdryfruit@63fd4873] output={null}]]]>
              </value>
            </param>
          </params>
          <reporter-output>
          </reporter-output>
        </test-method> <!-- resultTest -->
      </class> <!-- MyTestCases.Cashewsdryfruit -->
      <class name="MyTestCases.Brinjal">
        <test-method is-config="true" signature="initializeWebDriver()[pri:0, instance:MyTestCases.Brinjal@750fe12e]" started-at="2023-07-26T11:22:47Z" name="initializeWebDriver" finished-at="2023-07-26T11:22:49Z" duration-ms="1649" status="PASS">
          <reporter-output>
          </reporter-output>
        </test-method> <!-- initializeWebDriver -->
        <test-method is-config="true" signature="navigateSite()[pri:0, instance:MyTestCases.Brinjal@750fe12e]" started-at="2023-07-26T11:22:49Z" name="navigateSite" finished-at="2023-07-26T11:22:50Z" duration-ms="1752" status="PASS">
          <reporter-output>
          </reporter-output>
        </test-method> <!-- navigateSite -->
        <test-method is-config="true" signature="startTest(java.lang.reflect.Method)[pri:0, instance:MyTestCases.Brinjal@750fe12e]" started-at="2023-07-26T11:22:50Z" name="startTest" finished-at="2023-07-26T11:22:50Z" duration-ms="1" status="PASS">
          <params>
            <param index="0">
              <value>
                <![CDATA[public void MyTestCases.Brinjal.Brinjal() throws java.lang.InterruptedException]]>
              </value>
            </param>
          </params>
          <reporter-output>
          </reporter-output>
        </test-method> <!-- startTest -->
        <test-method signature="Brinjal()[pri:2, instance:MyTestCases.Brinjal@750fe12e]" started-at="2023-07-26T11:22:50Z" name="Brinjal" finished-at="2023-07-26T11:22:56Z" duration-ms="5349" status="PASS">
          <reporter-output>
          </reporter-output>
        </test-method> <!-- Brinjal -->
        <test-method is-config="true" signature="resultTest(org.testng.ITestResult)[pri:0, instance:MyTestCases.Brinjal@750fe12e]" started-at="2023-07-26T11:22:56Z" name="resultTest" finished-at="2023-07-26T11:22:57Z" duration-ms="1571" status="PASS">
          <params>
            <param index="0">
              <value>
                <![CDATA[[TestResult name=Brinjal status=SUCCESS method=Brinjal.Brinjal()[pri:2, instance:MyTestCases.Brinjal@750fe12e] output={null}]]]>
              </value>
            </param>
          </params>
          <reporter-output>
          </reporter-output>
        </test-method> <!-- resultTest -->
      </class> <!-- MyTestCases.Brinjal -->
      <class name="MyTestCases.Topdeals">
        <test-method is-config="true" signature="initializeWebDriver()[pri:0, instance:MyTestCases.Topdeals@70e0accd]" started-at="2023-07-26T11:22:57Z" name="initializeWebDriver" finished-at="2023-07-26T11:22:59Z" duration-ms="1537" status="PASS">
          <reporter-output>
          </reporter-output>
        </test-method> <!-- initializeWebDriver -->
        <test-method is-config="true" signature="navigateSite()[pri:0, instance:MyTestCases.Topdeals@70e0accd]" started-at="2023-07-26T11:22:59Z" name="navigateSite" finished-at="2023-07-26T11:23:01Z" duration-ms="2475" status="PASS">
          <reporter-output>
          </reporter-output>
        </test-method> <!-- navigateSite -->
        <test-method is-config="true" signature="startTest(java.lang.reflect.Method)[pri:0, instance:MyTestCases.Topdeals@70e0accd]" started-at="2023-07-26T11:23:01Z" name="startTest" finished-at="2023-07-26T11:23:01Z" duration-ms="1" status="PASS">
          <params>
            <param index="0">
              <value>
                <![CDATA[public void MyTestCases.Topdeals.Topdeals() throws java.lang.InterruptedException]]>
              </value>
            </param>
          </params>
          <reporter-output>
          </reporter-output>
        </test-method> <!-- startTest -->
        <test-method signature="Topdeals()[pri:3, instance:MyTestCases.Topdeals@70e0accd]" started-at="2023-07-26T11:23:01Z" name="Topdeals" finished-at="2023-07-26T11:23:25Z" duration-ms="23251" status="FAIL">
          <exception class="org.openqa.selenium.NoSuchElementException">
            <message>
              <![CDATA[no such element: Unable to locate element: {"method":"xpath","selector":"//body/div[@id='root']/div[1]/div[1]/div[1]/div[1]/div[1]/div[1]/div[1]/div[2]/ul[1]/li[7]/a[1]"}
  (Session info: chrome=115.0.5790.110)
For documentation on this error, please visit: http://seleniumhq.org/exceptions/no_such_element.html
Build info: version: '3.141.5', revision: 'd54ebd709a', time: '2018-11-06T11:42:16'
System info: host: 'IN-G95N2J3', ip: '192.168.1.10', os.name: 'Windows 10', os.arch: 'amd64', os.version: '10.0', java.version: '11.0.5'
Driver info: org.openqa.selenium.chrome.ChromeDriver
Capabilities {acceptInsecureCerts: false, browserName: chrome, browserVersion: 115.0.5790.110, chrome: {chromedriverVersion: 114.0.5735.90 (386bc09e8f4f..., userDataDir: C:\Users\AASHUT~1\AppData\L...}, goog:chromeOptions: {debuggerAddress: localhost:60393}, javascriptEnabled: true, networkConnectionEnabled: false, pageLoadStrategy: normal, platform: WINDOWS, platformName: WINDOWS, proxy: Proxy(), setWindowRect: true, strictFileInteractability: false, timeouts: {implicit: 0, pageLoad: 300000, script: 30000}, unhandledPromptBehavior: dismiss and notify, webauthn:extension:credBlob: true, webauthn:extension:largeBlob: true, webauthn:extension:minPinLength: true, webauthn:extension:prf: true, webauthn:virtualAuthenticators: true}
Session ID: ef6f5c9eb8a44b7ae151647b7c89bcd6
*** Element info: {Using=xpath, value=//body/div[@id='root']/div[1]/div[1]/div[1]/div[1]/div[1]/div[1]/div[1]/div[2]/ul[1]/li[7]/a[1]}]]>
            </message>
            <full-stacktrace>
              <![CDATA[org.openqa.selenium.NoSuchElementException: no such element: Unable to locate element: {"method":"xpath","selector":"//body/div[@id='root']/div[1]/div[1]/div[1]/div[1]/div[1]/div[1]/div[1]/div[2]/ul[1]/li[7]/a[1]"}
  (Session info: chrome=115.0.5790.110)
For documentation on this error, please visit: http://seleniumhq.org/exceptions/no_such_element.html
Build info: version: '3.141.5', revision: 'd54ebd709a', time: '2018-11-06T11:42:16'
System info: host: 'IN-G95N2J3', ip: '192.168.1.10', os.name: 'Windows 10', os.arch: 'amd64', os.version: '10.0', java.version: '11.0.5'
Driver info: org.openqa.selenium.chrome.ChromeDriver
Capabilities {acceptInsecureCerts: false, browserName: chrome, browserVersion: 115.0.5790.110, chrome: {chromedriverVersion: 114.0.5735.90 (386bc09e8f4f..., userDataDir: C:\Users\AASHUT~1\AppData\L...}, goog:chromeOptions: {debuggerAddress: localhost:60393}, javascriptEnabled: true, networkConnectionEnabled: false, pageLoadStrategy: normal, platform: WINDOWS, platformName: WINDOWS, proxy: Proxy(), setWindowRect: true, strictFileInteractability: false, timeouts: {implicit: 0, pageLoad: 300000, script: 30000}, unhandledPromptBehavior: dismiss and notify, webauthn:extension:credBlob: true, webauthn:extension:largeBlob: true, webauthn:extension:minPinLength: true, webauthn:extension:prf: true, webauthn:virtualAuthenticators: true}
Session ID: ef6f5c9eb8a44b7ae151647b7c89bcd6
*** Element info: {Using=xpath, value=//body/div[@id='root']/div[1]/div[1]/div[1]/div[1]/div[1]/div[1]/div[1]/div[2]/ul[1]/li[7]/a[1]}
	at java.base/jdk.internal.reflect.NativeConstructorAccessorImpl.newInstance0(Native Method)
	at java.base/jdk.internal.reflect.NativeConstructorAccessorImpl.newInstance(NativeConstructorAccessorImpl.java:62)
	at java.base/jdk.internal.reflect.DelegatingConstructorAccessorImpl.newInstance(DelegatingConstructorAccessorImpl.java:45)
	at java.base/java.lang.reflect.Constructor.newInstance(Constructor.java:490)
	at org.openqa.selenium.remote.http.W3CHttpResponseCodec.createException(W3CHttpResponseCodec.java:187)
	at org.openqa.selenium.remote.http.W3CHttpResponseCodec.decode(W3CHttpResponseCodec.java:122)
	at org.openqa.selenium.remote.http.W3CHttpResponseCodec.decode(W3CHttpResponseCodec.java:49)
	at org.openqa.selenium.remote.HttpCommandExecutor.execute(HttpCommandExecutor.java:158)
	at org.openqa.selenium.remote.service.DriverCommandExecutor.execute(DriverCommandExecutor.java:83)
	at org.openqa.selenium.remote.RemoteWebDriver.execute(RemoteWebDriver.java:552)
	at org.openqa.selenium.remote.RemoteWebDriver.findElement(RemoteWebDriver.java:323)
	at org.openqa.selenium.remote.RemoteWebDriver.findElementByXPath(RemoteWebDriver.java:428)
	at org.openqa.selenium.By$ByXPath.findElement(By.java:353)
	at org.openqa.selenium.remote.RemoteWebDriver.findElement(RemoteWebDriver.java:315)
	at org.openqa.selenium.support.pagefactory.DefaultElementLocator.findElement(DefaultElementLocator.java:69)
	at org.openqa.selenium.support.pagefactory.internal.LocatingElementHandler.invoke(LocatingElementHandler.java:38)
	at com.sun.proxy.$Proxy30.click(Unknown Source)
	at PageObjectModel.Topdeals_page.hitonnext(Topdeals_page.java:32)
	at MyTestCases.Topdeals.Topdeals(Topdeals.java:18)
	at java.base/jdk.internal.reflect.NativeMethodAccessorImpl.invoke0(Native Method)
	at java.base/jdk.internal.reflect.NativeMethodAccessorImpl.invoke(NativeMethodAccessorImpl.java:62)
	at java.base/jdk.internal.reflect.DelegatingMethodAccessorImpl.invoke(DelegatingMethodAccessorImpl.java:43)
	at java.base/java.lang.reflect.Method.invoke(Method.java:566)
	at org.testng.internal.MethodInvocationHelper.invokeMethod(MethodInvocationHelper.java:108)
	at org.testng.internal.Invoker.invokeMethod(Invoker.java:661)
	at org.testng.internal.Invoker.invokeTestMethod(Invoker.java:869)
	at org.testng.internal.Invoker.invokeTestMethods(Invoker.java:1193)
	at org.testng.internal.TestMethodWorker.invokeTestMethods(TestMethodWorker.java:126)
	at org.testng.internal.TestMethodWorker.run(TestMethodWorker.java:109)
	at org.testng.TestRunner.privateRun(TestRunner.java:744)
	at org.testng.TestRunner.run(TestRunner.java:602)
	at org.testng.SuiteRunner.runTest(SuiteRunner.java:380)
	at org.testng.SuiteRunner.runSequentially(SuiteRunner.java:375)
	at org.testng.SuiteRunner.privateRun(SuiteRunner.java:340)
	at org.testng.SuiteRunner.run(SuiteRunner.java:289)
	at org.testng.SuiteRunnerWorker.runSuite(SuiteRunnerWorker.java:52)
	at org.testng.SuiteRunnerWorker.run(SuiteRunnerWorker.java:86)
	at org.testng.TestNG.runSuitesSequentially(TestNG.java:1301)
	at org.testng.TestNG.runSuitesLocally(TestNG.java:1226)
	at org.testng.TestNG.runSuites(TestNG.java:1144)
	at org.testng.TestNG.run(TestNG.java:1115)
	at org.testng.remote.AbstractRemoteTestNG.run(AbstractRemoteTestNG.java:115)
	at org.testng.remote.RemoteTestNG.initAndRun(RemoteTestNG.java:251)
	at org.testng.remote.RemoteTestNG.main(RemoteTestNG.java:77)
]]>
            </full-stacktrace>
          </exception> <!-- org.openqa.selenium.NoSuchElementException -->
          <reporter-output>
          </reporter-output>
        </test-method> <!-- Topdeals -->
        <test-method is-config="true" signature="resultTest(org.testng.ITestResult)[pri:0, instance:MyTestCases.Topdeals@70e0accd]" started-at="2023-07-26T11:23:25Z" name="resultTest" finished-at="2023-07-26T11:23:27Z" duration-ms="2146" status="PASS">
          <params>
            <param index="0">
              <value>
                <![CDATA[[TestResult name=Topdeals status=FAILURE method=Topdeals.Topdeals()[pri:3, instance:MyTestCases.Topdeals@70e0accd] output={null}]]]>
              </value>
            </param>
          </params>
          <reporter-output>
          </reporter-output>
        </test-method> <!-- resultTest -->
      </class> <!-- MyTestCases.Topdeals -->
      <class name="MyTestCases.Potato">
        <test-method is-config="true" signature="setExtent()[pri:0, instance:MyTestCases.Potato@200606de]" started-at="2023-07-26T11:22:29Z" name="setExtent" finished-at="2023-07-26T11:22:29Z" duration-ms="154" status="PASS">
          <reporter-output>
          </reporter-output>
        </test-method> <!-- setExtent -->
        <test-method is-config="true" signature="initializeWebDriver()[pri:0, instance:MyTestCases.Potato@200606de]" started-at="2023-07-26T11:22:29Z" name="initializeWebDriver" finished-at="2023-07-26T11:22:31Z" duration-ms="2107" status="PASS">
          <reporter-output>
          </reporter-output>
        </test-method> <!-- initializeWebDriver -->
        <test-method is-config="true" signature="navigateSite()[pri:0, instance:MyTestCases.Potato@200606de]" started-at="2023-07-26T11:22:31Z" name="navigateSite" finished-at="2023-07-26T11:22:36Z" duration-ms="4830" status="PASS">
          <reporter-output>
          </reporter-output>
        </test-method> <!-- navigateSite -->
        <test-method is-config="true" signature="startTest(java.lang.reflect.Method)[pri:0, instance:MyTestCases.Potato@200606de]" started-at="2023-07-26T11:22:36Z" name="startTest" finished-at="2023-07-26T11:22:36Z" duration-ms="12" status="PASS">
          <params>
            <param index="0">
              <value>
                <![CDATA[public void MyTestCases.Potato.Potato() throws java.lang.InterruptedException]]>
              </value>
            </param>
          </params>
          <reporter-output>
          </reporter-output>
        </test-method> <!-- startTest -->
        <test-method signature="Potato()[pri:1, instance:MyTestCases.Potato@200606de]" started-at="2023-07-26T11:22:36Z" name="Potato" finished-at="2023-07-26T11:22:46Z" duration-ms="9826" status="PASS">
          <reporter-output>
          </reporter-output>
        </test-method> <!-- Potato -->
        <test-method is-config="true" signature="resultTest(org.testng.ITestResult)[pri:0, instance:MyTestCases.Potato@200606de]" started-at="2023-07-26T11:22:46Z" name="resultTest" finished-at="2023-07-26T11:22:47Z" duration-ms="1524" status="PASS">
          <params>
            <param index="0">
              <value>
                <![CDATA[[TestResult name=Potato status=SUCCESS method=Potato.Potato()[pri:1, instance:MyTestCases.Potato@200606de] output={null}]]]>
              </value>
            </param>
          </params>
          <reporter-output>
          </reporter-output>
        </test-method> <!-- resultTest -->
        <test-method is-config="true" signature="endReport()[pri:0, instance:MyTestCases.Potato@200606de]" started-at="2023-07-26T11:25:02Z" name="endReport" finished-at="2023-07-26T11:25:02Z" duration-ms="714" status="PASS">
          <reporter-output>
          </reporter-output>
        </test-method> <!-- endReport -->
      </class> <!-- MyTestCases.Potato -->
      <class name="MyTestCases.Beans">
        <test-method is-config="true" signature="initializeWebDriver()[pri:0, instance:MyTestCases.Beans@3e587920]" started-at="2023-07-26T11:23:27Z" name="initializeWebDriver" finished-at="2023-07-26T11:23:28Z" duration-ms="1616" status="PASS">
          <reporter-output>
          </reporter-output>
        </test-method> <!-- initializeWebDriver -->
        <test-method is-config="true" signature="navigateSite()[pri:0, instance:MyTestCases.Beans@3e587920]" started-at="2023-07-26T11:23:28Z" name="navigateSite" finished-at="2023-07-26T11:23:29Z" duration-ms="900" status="PASS">
          <reporter-output>
          </reporter-output>
        </test-method> <!-- navigateSite -->
        <test-method is-config="true" signature="startTest(java.lang.reflect.Method)[pri:0, instance:MyTestCases.Beans@3e587920]" started-at="2023-07-26T11:23:29Z" name="startTest" finished-at="2023-07-26T11:23:29Z" duration-ms="1" status="PASS">
          <params>
            <param index="0">
              <value>
                <![CDATA[public void MyTestCases.Beans.Beans() throws java.lang.InterruptedException]]>
              </value>
            </param>
          </params>
          <reporter-output>
          </reporter-output>
        </test-method> <!-- startTest -->
        <test-method signature="Beans()[pri:4, instance:MyTestCases.Beans@3e587920]" started-at="2023-07-26T11:23:29Z" name="Beans" finished-at="2023-07-26T11:23:39Z" duration-ms="9450" status="PASS">
          <reporter-output>
          </reporter-output>
        </test-method> <!-- Beans -->
        <test-method is-config="true" signature="resultTest(org.testng.ITestResult)[pri:0, instance:MyTestCases.Beans@3e587920]" started-at="2023-07-26T11:23:39Z" name="resultTest" finished-at="2023-07-26T11:23:40Z" duration-ms="1557" status="PASS">
          <params>
            <param index="0">
              <value>
                <![CDATA[[TestResult name=Beans status=SUCCESS method=Beans.Beans()[pri:4, instance:MyTestCases.Beans@3e587920] output={null}]]]>
              </value>
            </param>
          </params>
          <reporter-output>
          </reporter-output>
        </test-method> <!-- resultTest -->
      </class> <!-- MyTestCases.Beans -->
      <class name="MyTestCases.Bookflight">
        <test-method is-config="true" signature="initializeWebDriver()[pri:0, instance:MyTestCases.Bookflight@7544a1e4]" started-at="2023-07-26T11:24:23Z" name="initializeWebDriver" finished-at="2023-07-26T11:24:24Z" duration-ms="1530" status="PASS">
          <reporter-output>
          </reporter-output>
        </test-method> <!-- initializeWebDriver -->
        <test-method is-config="true" signature="navigateSite()[pri:0, instance:MyTestCases.Bookflight@7544a1e4]" started-at="2023-07-26T11:24:24Z" name="navigateSite" finished-at="2023-07-26T11:24:27Z" duration-ms="2518" status="PASS">
          <reporter-output>
          </reporter-output>
        </test-method> <!-- navigateSite -->
        <test-method is-config="true" signature="startTest(java.lang.reflect.Method)[pri:0, instance:MyTestCases.Bookflight@7544a1e4]" started-at="2023-07-26T11:24:27Z" name="startTest" finished-at="2023-07-26T11:24:27Z" duration-ms="1" status="PASS">
          <params>
            <param index="0">
              <value>
                <![CDATA[public void MyTestCases.Bookflight.Bookflight() throws java.lang.InterruptedException]]>
              </value>
            </param>
          </params>
          <reporter-output>
          </reporter-output>
        </test-method> <!-- startTest -->
        <test-method signature="Bookflight()[pri:9, instance:MyTestCases.Bookflight@7544a1e4]" started-at="2023-07-26T11:24:27Z" name="Bookflight" finished-at="2023-07-26T11:24:50Z" duration-ms="23278" status="FAIL">
          <exception class="org.openqa.selenium.NoSuchElementException">
            <message>
              <![CDATA[no such element: Unable to locate element: {"method":"xpath","selector":"//input[@id='autosuggest']"}
  (Session info: chrome=115.0.5790.110)
For documentation on this error, please visit: http://seleniumhq.org/exceptions/no_such_element.html
Build info: version: '3.141.5', revision: 'd54ebd709a', time: '2018-11-06T11:42:16'
System info: host: 'IN-G95N2J3', ip: '192.168.1.10', os.name: 'Windows 10', os.arch: 'amd64', os.version: '10.0', java.version: '11.0.5'
Driver info: org.openqa.selenium.chrome.ChromeDriver
Capabilities {acceptInsecureCerts: false, browserName: chrome, browserVersion: 115.0.5790.110, chrome: {chromedriverVersion: 114.0.5735.90 (386bc09e8f4f..., userDataDir: C:\Users\AASHUT~1\AppData\L...}, goog:chromeOptions: {debuggerAddress: localhost:60584}, javascriptEnabled: true, networkConnectionEnabled: false, pageLoadStrategy: normal, platform: WINDOWS, platformName: WINDOWS, proxy: Proxy(), setWindowRect: true, strictFileInteractability: false, timeouts: {implicit: 0, pageLoad: 300000, script: 30000}, unhandledPromptBehavior: dismiss and notify, webauthn:extension:credBlob: true, webauthn:extension:largeBlob: true, webauthn:extension:minPinLength: true, webauthn:extension:prf: true, webauthn:virtualAuthenticators: true}
Session ID: 50546a9f723f7205f2e3177e5ae25a2a
*** Element info: {Using=xpath, value=//input[@id='autosuggest']}]]>
            </message>
            <full-stacktrace>
              <![CDATA[org.openqa.selenium.NoSuchElementException: no such element: Unable to locate element: {"method":"xpath","selector":"//input[@id='autosuggest']"}
  (Session info: chrome=115.0.5790.110)
For documentation on this error, please visit: http://seleniumhq.org/exceptions/no_such_element.html
Build info: version: '3.141.5', revision: 'd54ebd709a', time: '2018-11-06T11:42:16'
System info: host: 'IN-G95N2J3', ip: '192.168.1.10', os.name: 'Windows 10', os.arch: 'amd64', os.version: '10.0', java.version: '11.0.5'
Driver info: org.openqa.selenium.chrome.ChromeDriver
Capabilities {acceptInsecureCerts: false, browserName: chrome, browserVersion: 115.0.5790.110, chrome: {chromedriverVersion: 114.0.5735.90 (386bc09e8f4f..., userDataDir: C:\Users\AASHUT~1\AppData\L...}, goog:chromeOptions: {debuggerAddress: localhost:60584}, javascriptEnabled: true, networkConnectionEnabled: false, pageLoadStrategy: normal, platform: WINDOWS, platformName: WINDOWS, proxy: Proxy(), setWindowRect: true, strictFileInteractability: false, timeouts: {implicit: 0, pageLoad: 300000, script: 30000}, unhandledPromptBehavior: dismiss and notify, webauthn:extension:credBlob: true, webauthn:extension:largeBlob: true, webauthn:extension:minPinLength: true, webauthn:extension:prf: true, webauthn:virtualAuthenticators: true}
Session ID: 50546a9f723f7205f2e3177e5ae25a2a
*** Element info: {Using=xpath, value=//input[@id='autosuggest']}
	at java.base/jdk.internal.reflect.NativeConstructorAccessorImpl.newInstance0(Native Method)
	at java.base/jdk.internal.reflect.NativeConstructorAccessorImpl.newInstance(NativeConstructorAccessorImpl.java:62)
	at java.base/jdk.internal.reflect.DelegatingConstructorAccessorImpl.newInstance(DelegatingConstructorAccessorImpl.java:45)
	at java.base/java.lang.reflect.Constructor.newInstance(Constructor.java:490)
	at org.openqa.selenium.remote.http.W3CHttpResponseCodec.createException(W3CHttpResponseCodec.java:187)
	at org.openqa.selenium.remote.http.W3CHttpResponseCodec.decode(W3CHttpResponseCodec.java:122)
	at org.openqa.selenium.remote.http.W3CHttpResponseCodec.decode(W3CHttpResponseCodec.java:49)
	at org.openqa.selenium.remote.HttpCommandExecutor.execute(HttpCommandExecutor.java:158)
	at org.openqa.selenium.remote.service.DriverCommandExecutor.execute(DriverCommandExecutor.java:83)
	at org.openqa.selenium.remote.RemoteWebDriver.execute(RemoteWebDriver.java:552)
	at org.openqa.selenium.remote.RemoteWebDriver.findElement(RemoteWebDriver.java:323)
	at org.openqa.selenium.remote.RemoteWebDriver.findElementByXPath(RemoteWebDriver.java:428)
	at org.openqa.selenium.By$ByXPath.findElement(By.java:353)
	at org.openqa.selenium.remote.RemoteWebDriver.findElement(RemoteWebDriver.java:315)
	at org.openqa.selenium.support.pagefactory.DefaultElementLocator.findElement(DefaultElementLocator.java:69)
	at org.openqa.selenium.support.pagefactory.internal.LocatingElementHandler.invoke(LocatingElementHandler.java:38)
	at com.sun.proxy.$Proxy30.sendKeys(Unknown Source)
	at PageObjectModel.Bookflight_page.countryinsert(Bookflight_page.java:29)
	at MyTestCases.Bookflight.Bookflight(Bookflight.java:16)
	at java.base/jdk.internal.reflect.NativeMethodAccessorImpl.invoke0(Native Method)
	at java.base/jdk.internal.reflect.NativeMethodAccessorImpl.invoke(NativeMethodAccessorImpl.java:62)
	at java.base/jdk.internal.reflect.DelegatingMethodAccessorImpl.invoke(DelegatingMethodAccessorImpl.java:43)
	at java.base/java.lang.reflect.Method.invoke(Method.java:566)
	at org.testng.internal.MethodInvocationHelper.invokeMethod(MethodInvocationHelper.java:108)
	at org.testng.internal.Invoker.invokeMethod(Invoker.java:661)
	at org.testng.internal.Invoker.invokeTestMethod(Invoker.java:869)
	at org.testng.internal.Invoker.invokeTestMethods(Invoker.java:1193)
	at org.testng.internal.TestMethodWorker.invokeTestMethods(TestMethodWorker.java:126)
	at org.testng.internal.TestMethodWorker.run(TestMethodWorker.java:109)
	at org.testng.TestRunner.privateRun(TestRunner.java:744)
	at org.testng.TestRunner.run(TestRunner.java:602)
	at org.testng.SuiteRunner.runTest(SuiteRunner.java:380)
	at org.testng.SuiteRunner.runSequentially(SuiteRunner.java:375)
	at org.testng.SuiteRunner.privateRun(SuiteRunner.java:340)
	at org.testng.SuiteRunner.run(SuiteRunner.java:289)
	at org.testng.SuiteRunnerWorker.runSuite(SuiteRunnerWorker.java:52)
	at org.testng.SuiteRunnerWorker.run(SuiteRunnerWorker.java:86)
	at org.testng.TestNG.runSuitesSequentially(TestNG.java:1301)
	at org.testng.TestNG.runSuitesLocally(TestNG.java:1226)
	at org.testng.TestNG.runSuites(TestNG.java:1144)
	at org.testng.TestNG.run(TestNG.java:1115)
	at org.testng.remote.AbstractRemoteTestNG.run(AbstractRemoteTestNG.java:115)
	at org.testng.remote.RemoteTestNG.initAndRun(RemoteTestNG.java:251)
	at org.testng.remote.RemoteTestNG.main(RemoteTestNG.java:77)
]]>
            </full-stacktrace>
          </exception> <!-- org.openqa.selenium.NoSuchElementException -->
          <reporter-output>
          </reporter-output>
        </test-method> <!-- Bookflight -->
        <test-method is-config="true" signature="resultTest(org.testng.ITestResult)[pri:0, instance:MyTestCases.Bookflight@7544a1e4]" started-at="2023-07-26T11:24:50Z" name="resultTest" finished-at="2023-07-26T11:24:52Z" duration-ms="2065" status="PASS">
          <params>
            <param index="0">
              <value>
                <![CDATA[[TestResult name=Bookflight status=FAILURE method=Bookflight.Bookflight()[pri:9, instance:MyTestCases.Bookflight@7544a1e4] output={null}]]]>
              </value>
            </param>
          </params>
          <reporter-output>
          </reporter-output>
        </test-method> <!-- resultTest -->
      </class> <!-- MyTestCases.Bookflight -->
      <class name="MyTestCases.Carrot">
        <test-method is-config="true" signature="initializeWebDriver()[pri:0, instance:MyTestCases.Carrot@f8908f6]" started-at="2023-07-26T11:24:52Z" name="initializeWebDriver" finished-at="2023-07-26T11:24:54Z" duration-ms="1586" status="PASS">
          <reporter-output>
          </reporter-output>
        </test-method> <!-- initializeWebDriver -->
        <test-method is-config="true" signature="navigateSite()[pri:0, instance:MyTestCases.Carrot@f8908f6]" started-at="2023-07-26T11:24:54Z" name="navigateSite" finished-at="2023-07-26T11:24:55Z" duration-ms="1003" status="PASS">
          <reporter-output>
          </reporter-output>
        </test-method> <!-- navigateSite -->
        <test-method signature="Carrot()[pri:10, instance:MyTestCases.Carrot@f8908f6]" started-at="2023-07-26T11:24:55Z" name="Carrot" finished-at="2023-07-26T11:25:00Z" duration-ms="5410" status="PASS">
          <reporter-output>
          </reporter-output>
        </test-method> <!-- Carrot -->
        <test-method is-config="true" signature="startTest(java.lang.reflect.Method)[pri:0, instance:MyTestCases.Carrot@f8908f6]" started-at="2023-07-26T11:24:55Z" name="startTest" finished-at="2023-07-26T11:24:55Z" duration-ms="0" status="PASS">
          <params>
            <param index="0">
              <value>
                <![CDATA[public void MyTestCases.Carrot.Carrot() throws java.lang.InterruptedException]]>
              </value>
            </param>
          </params>
          <reporter-output>
          </reporter-output>
        </test-method> <!-- startTest -->
        <test-method is-config="true" signature="resultTest(org.testng.ITestResult)[pri:0, instance:MyTestCases.Carrot@f8908f6]" started-at="2023-07-26T11:25:00Z" name="resultTest" finished-at="2023-07-26T11:25:02Z" duration-ms="1258" status="PASS">
          <params>
            <param index="0">
              <value>
                <![CDATA[[TestResult name=Carrot status=SUCCESS method=Carrot.Carrot()[pri:10, instance:MyTestCases.Carrot@f8908f6] output={null}]]]>
              </value>
            </param>
          </params>
          <reporter-output>
          </reporter-output>
        </test-method> <!-- resultTest -->
      </class> <!-- MyTestCases.Carrot -->
    </test> <!-- Test -->
  </suite> <!-- Suite -->
</testng-results>
